Start testing: Oct 08 09:27 UTC
----------------------------------------------------------
1/1 Testing: AllTests
1/1 Test: AllTests
Command: "/home/lyq/project/hpcserver/threadpool/tests/build/test_threadpool"
Directory: /home/lyq/project/hpcserver/threadpool/tests/build
"AllTests" start time: Oct 08 09:27 UTC
Output:
----------------------------------------------------------
Running main() from /home/lyq/repo/vcpkg/buildtrees/gtest/src/v1.17.0-0c449efaff.clean/googletest/src/gtest_main.cc
[==========] Running 3 tests from 1 test suite.
[----------] Global test environment set-up.
[----------] 3 tests from ThreadPoolTest
[ RUN      ] ThreadPoolTest.ShouldExecuteSimpleTask
[       OK ] ThreadPoolTest.ShouldExecuteSimpleTask (0 ms)
[ RUN      ] ThreadPoolTest.TestPerfectForwarding
[       OK ] ThreadPoolTest.TestPerfectForwarding (0 ms)
[ RUN      ] ThreadPoolTest.ShouldPropagateExceptions
[       OK ] ThreadPoolTest.ShouldPropagateExceptions (0 ms)
[----------] 3 tests from ThreadPoolTest (0 ms total)

[----------] Global test environment tear-down
[==========] 3 tests from 1 test suite ran. (0 ms total)
[  PASSED  ] 3 tests.
<end of output>
Test time =   0.00 sec
----------------------------------------------------------
Test Passed.
"AllTests" end time: Oct 08 09:27 UTC
"AllTests" time elapsed: 00:00:00
----------------------------------------------------------

End testing: Oct 08 09:27 UTC
